Performing C SOURCE FILE Test CMAKE_HAVE_LIBC_PTHREAD failed with the following output:
Change Dir: /home/hby/Documents/SLAM2/slamtry/ch3/examples/cmake-build-debug/CMakeFiles/CMakeTmp

Run Build Command(s):/usr/bin/make cmTC_415bf/fast && /usr/bin/make  -f CMakeFiles/cmTC_415bf.dir/build.make CMakeFiles/cmTC_415bf.dir/build
make[1]: Entering directory '/home/hby/Documents/SLAM2/slamtry/ch3/examples/cmake-build-debug/CMakeFiles/CMakeTmp'
Building C object CMakeFiles/cmTC_415bf.dir/src.c.o
/usr/bin/cc -DCMAKE_HAVE_LIBC_PTHREAD   -o CMakeFiles/cmTC_415bf.dir/src.c.o -c /home/hby/Documents/SLAM2/slamtry/ch3/examples/cmake-build-debug/CMakeFiles/CMakeTmp/src.c
Linking C executable cmTC_415bf
/mnt/share/CLion-2021.1.3/clion-2021.1.3/bin/cmake/linux/bin/cmake -E cmake_link_script CMakeFiles/cmTC_415bf.dir/link.txt --verbose=1
/usr/bin/cc CMakeFiles/cmTC_415bf.dir/src.c.o -o cmTC_415bf 
CMakeFiles/cmTC_415bf.dir/src.c.o: In function `main':
src.c:(.text+0x3e): undefined reference to `pthread_create'
src.c:(.text+0x4a): undefined reference to `pthread_detach'
src.c:(.text+0x56): undefined reference to `pthread_cancel'
src.c:(.text+0x67): undefined reference to `pthread_join'
src.c:(.text+0x7b): undefined reference to `pthread_atfork'
collect2: error: ld returned 1 exit status
CMakeFiles/cmTC_415bf.dir/build.make:105: recipe for target 'cmTC_415bf' failed
make[1]: *** [cmTC_415bf] Error 1
make[1]: Leaving directory '/home/hby/Documents/SLAM2/slamtry/ch3/examples/cmake-build-debug/CMakeFiles/CMakeTmp'
Makefile:140: recipe for target 'cmTC_415bf/fast' failed
make: *** [cmTC_415bf/fast] Error 2


Source file was:
#include <pthread.h>

static void* test_func(void* data)
{
  return data;
}

int main(void)
{
  pthread_t thread;
  pthread_create(&thread, NULL, test_func, NULL);
  pthread_detach(thread);
  pthread_cancel(thread);
  pthread_join(thread, NULL);
  pthread_atfork(NULL, NULL, NULL);
  pthread_exit(NULL);

  return 0;
}

Determining if the function pthread_create exists in the pthreads failed with the following output:
Change Dir: /home/hby/Documents/SLAM2/slamtry/ch3/examples/cmake-build-debug/CMakeFiles/CMakeTmp

Run Build Command(s):/usr/bin/make cmTC_b2419/fast && /usr/bin/make  -f CMakeFiles/cmTC_b2419.dir/build.make CMakeFiles/cmTC_b2419.dir/build
make[1]: Entering directory '/home/hby/Documents/SLAM2/slamtry/ch3/examples/cmake-build-debug/CMakeFiles/CMakeTmp'
Building C object CMakeFiles/cmTC_b2419.dir/CheckFunctionExists.c.o
/usr/bin/cc   -DCHECK_FUNCTION_EXISTS=pthread_create -o CMakeFiles/cmTC_b2419.dir/CheckFunctionExists.c.o -c /mnt/share/CLion-2021.1.3/clion-2021.1.3/bin/cmake/linux/share/cmake-3.19/Modules/CheckFunctionExists.c
Linking C executable cmTC_b2419
/mnt/share/CLion-2021.1.3/clion-2021.1.3/bin/cmake/linux/bin/cmake -E cmake_link_script CMakeFiles/cmTC_b2419.dir/link.txt --verbose=1
/usr/bin/cc  -DCHECK_FUNCTION_EXISTS=pthread_create CMakeFiles/cmTC_b2419.dir/CheckFunctionExists.c.o -o cmTC_b2419  -lpthreads 
/usr/bin/ld: cannot find -lpthreads
collect2: error: ld returned 1 exit status
CMakeFiles/cmTC_b2419.dir/build.make:105: recipe for target 'cmTC_b2419' failed
make[1]: *** [cmTC_b2419] Error 1
make[1]: Leaving directory '/home/hby/Documents/SLAM2/slamtry/ch3/examples/cmake-build-debug/CMakeFiles/CMakeTmp'
Makefile:140: recipe for target 'cmTC_b2419/fast' failed
make: *** [cmTC_b2419/fast] Error 2



